{"/home/mita/Documents/Entrevistas/testes/net-docs-challenge-marcelomita/src/App.tsx": {"path":"/home/mita/Documents/Entrevistas/testes/net-docs-challenge-marcelomita/src/App.tsx","all":false,"statementMap":{"0":{"start":{"line":1,"column":0},"end":{"line":1,"column":37}},"1":{"start":{"line":2,"column":0},"end":{"line":2,"column":55}},"2":{"start":{"line":3,"column":0},"end":{"line":3,"column":54}},"3":{"start":{"line":4,"column":0},"end":{"line":4,"column":39}},"5":{"start":{"line":6,"column":0},"end":{"line":6,"column":16}},"6":{"start":{"line":7,"column":0},"end":{"line":7,"column":18}},"8":{"start":{"line":9,"column":0},"end":{"line":9,"column":10}},"9":{"start":{"line":10,"column":0},"end":{"line":10,"column":25}},"10":{"start":{"line":11,"column":0},"end":{"line":11,"column":47}},"11":{"start":{"line":12,"column":0},"end":{"line":12,"column":26}},"12":{"start":{"line":13,"column":0},"end":{"line":13,"column":16}},"13":{"start":{"line":14,"column":0},"end":{"line":14,"column":27}},"14":{"start":{"line":15,"column":0},"end":{"line":15,"column":23}},"15":{"start":{"line":16,"column":0},"end":{"line":16,"column":26}},"17":{"start":{"line":18,"column":0},"end":{"line":18,"column":1}},"19":{"start":{"line":20,"column":0},"end":{"line":20,"column":19}}},"s":{"0":1,"1":1,"2":1,"3":1,"5":2,"6":2,"8":2,"9":2,"10":2,"11":2,"12":2,"13":2,"14":2,"15":2,"17":2,"19":1},"branchMap":{"0":{"type":"branch","line":6,"loc":{"start":{"line":6,"column":0},"end":{"line":18,"column":1}},"locations":[{"start":{"line":6,"column":0},"end":{"line":18,"column":1}}]}},"b":{"0":[2]},"fnMap":{"0":{"name":"App","decl":{"start":{"line":6,"column":0},"end":{"line":18,"column":1}},"loc":{"start":{"line":6,"column":0},"end":{"line":18,"column":1}},"line":6}},"f":{"0":2}}
,"/home/mita/Documents/Entrevistas/testes/net-docs-challenge-marcelomita/src/components/ActionButtons.tsx": {"path":"/home/mita/Documents/Entrevistas/testes/net-docs-challenge-marcelomita/src/components/ActionButtons.tsx","all":false,"statementMap":{"0":{"start":{"line":1,"column":0},"end":{"line":1,"column":54}},"1":{"start":{"line":2,"column":0},"end":{"line":2,"column":42}},"2":{"start":{"line":3,"column":0},"end":{"line":3,"column":53}},"3":{"start":{"line":4,"column":0},"end":{"line":4,"column":70}},"5":{"start":{"line":6,"column":0},"end":{"line":6,"column":49}},"6":{"start":{"line":7,"column":0},"end":{"line":7,"column":47}},"8":{"start":{"line":9,"column":0},"end":{"line":9,"column":39}},"9":{"start":{"line":10,"column":0},"end":{"line":10,"column":36}},"10":{"start":{"line":11,"column":0},"end":{"line":11,"column":47}},"11":{"start":{"line":12,"column":0},"end":{"line":12,"column":38}},"12":{"start":{"line":13,"column":0},"end":{"line":13,"column":4}},"14":{"start":{"line":15,"column":0},"end":{"line":15,"column":19}},"15":{"start":{"line":16,"column":0},"end":{"line":16,"column":20}},"16":{"start":{"line":17,"column":0},"end":{"line":17,"column":42}},"17":{"start":{"line":18,"column":0},"end":{"line":18,"column":29}},"18":{"start":{"line":19,"column":0},"end":{"line":19,"column":14}},"19":{"start":{"line":20,"column":0},"end":{"line":20,"column":43}},"20":{"start":{"line":21,"column":0},"end":{"line":21,"column":5}},"21":{"start":{"line":22,"column":0},"end":{"line":22,"column":28}},"23":{"start":{"line":24,"column":0},"end":{"line":24,"column":47}},"24":{"start":{"line":25,"column":0},"end":{"line":25,"column":25}},"25":{"start":{"line":26,"column":0},"end":{"line":26,"column":17}},"27":{"start":{"line":28,"column":0},"end":{"line":28,"column":45}},"28":{"start":{"line":29,"column":0},"end":{"line":29,"column":41}},"29":{"start":{"line":30,"column":0},"end":{"line":30,"column":24}},"30":{"start":{"line":31,"column":0},"end":{"line":31,"column":29}},"31":{"start":{"line":32,"column":0},"end":{"line":32,"column":18}},"32":{"start":{"line":33,"column":0},"end":{"line":33,"column":5}},"33":{"start":{"line":34,"column":0},"end":{"line":34,"column":28}},"35":{"start":{"line":36,"column":0},"end":{"line":36,"column":41}},"36":{"start":{"line":37,"column":0},"end":{"line":37,"column":32}},"37":{"start":{"line":38,"column":0},"end":{"line":38,"column":17}},"39":{"start":{"line":40,"column":0},"end":{"line":40,"column":10}},"40":{"start":{"line":41,"column":0},"end":{"line":41,"column":28}},"41":{"start":{"line":42,"column":0},"end":{"line":42,"column":80}},"42":{"start":{"line":43,"column":0},"end":{"line":43,"column":43}},"43":{"start":{"line":44,"column":0},"end":{"line":44,"column":38}},"44":{"start":{"line":45,"column":0},"end":{"line":45,"column":22}},"45":{"start":{"line":46,"column":0},"end":{"line":46,"column":47}},"46":{"start":{"line":47,"column":0},"end":{"line":47,"column":29}},"47":{"start":{"line":48,"column":0},"end":{"line":48,"column":22}},"48":{"start":{"line":49,"column":0},"end":{"line":49,"column":75}},"49":{"start":{"line":50,"column":0},"end":{"line":50,"column":19}},"50":{"start":{"line":51,"column":0},"end":{"line":51,"column":22}},"51":{"start":{"line":52,"column":0},"end":{"line":52,"column":21}},"52":{"start":{"line":53,"column":0},"end":{"line":53,"column":25}},"53":{"start":{"line":54,"column":0},"end":{"line":54,"column":74}},"54":{"start":{"line":55,"column":0},"end":{"line":55,"column":15}},"55":{"start":{"line":56,"column":0},"end":{"line":56,"column":8}},"56":{"start":{"line":57,"column":0},"end":{"line":57,"column":29}},"58":{"start":{"line":59,"column":0},"end":{"line":59,"column":2}},"60":{"start":{"line":61,"column":0},"end":{"line":61,"column":29}}},"s":{"0":1,"1":1,"2":1,"3":1,"5":1,"6":1,"8":1,"9":4,"10":4,"11":4,"12":4,"14":4,"15":4,"16":0,"17":0,"18":0,"19":0,"20":0,"21":4,"23":4,"24":1,"25":4,"27":4,"28":0,"29":0,"30":0,"31":0,"32":0,"33":4,"35":4,"36":1,"37":4,"39":4,"40":4,"41":4,"42":4,"43":4,"44":4,"45":4,"46":4,"47":4,"48":4,"49":4,"50":4,"51":4,"52":4,"53":4,"54":4,"55":4,"56":4,"58":4,"60":1},"branchMap":{"0":{"type":"branch","line":9,"loc":{"start":{"line":9,"column":32},"end":{"line":59,"column":2}},"locations":[{"start":{"line":9,"column":32},"end":{"line":59,"column":2}}]},"1":{"type":"branch","line":44,"loc":{"start":{"line":44,"column":9},"end":{"line":44,"column":30}},"locations":[{"start":{"line":44,"column":9},"end":{"line":44,"column":30}}]},"2":{"type":"branch","line":15,"loc":{"start":{"line":15,"column":12},"end":{"line":22,"column":5}},"locations":[{"start":{"line":15,"column":12},"end":{"line":22,"column":5}}]},"3":{"type":"branch","line":16,"loc":{"start":{"line":16,"column":19},"end":{"line":21,"column":5}},"locations":[{"start":{"line":16,"column":19},"end":{"line":21,"column":5}}]},"4":{"type":"branch","line":24,"loc":{"start":{"line":24,"column":40},"end":{"line":26,"column":5}},"locations":[{"start":{"line":24,"column":40},"end":{"line":26,"column":5}}]},"5":{"type":"branch","line":36,"loc":{"start":{"line":36,"column":34},"end":{"line":38,"column":5}},"locations":[{"start":{"line":36,"column":34},"end":{"line":38,"column":5}}]},"6":{"type":"branch","line":54,"loc":{"start":{"line":54,"column":18},"end":{"line":54,"column":74}},"locations":[{"start":{"line":54,"column":18},"end":{"line":54,"column":74}}]}},"b":{"0":[4],"1":[0],"2":[4],"3":[0],"4":[1],"5":[1],"6":[1]},"fnMap":{"0":{"name":"ActionButtons","decl":{"start":{"line":9,"column":32},"end":{"line":59,"column":2}},"loc":{"start":{"line":9,"column":32},"end":{"line":59,"column":2}},"line":9},"1":{"name":"onChange","decl":{"start":{"line":54,"column":18},"end":{"line":54,"column":74}},"loc":{"start":{"line":54,"column":18},"end":{"line":54,"column":74}},"line":54}},"f":{"0":4,"1":1}}
,"/home/mita/Documents/Entrevistas/testes/net-docs-challenge-marcelomita/src/components/Grid.tsx": {"path":"/home/mita/Documents/Entrevistas/testes/net-docs-challenge-marcelomita/src/components/Grid.tsx","all":false,"statementMap":{"0":{"start":{"line":1,"column":0},"end":{"line":1,"column":26}},"1":{"start":{"line":2,"column":0},"end":{"line":2,"column":58}},"5":{"start":{"line":6,"column":0},"end":{"line":6,"column":33}},"6":{"start":{"line":7,"column":0},"end":{"line":7,"column":49}},"7":{"start":{"line":8,"column":0},"end":{"line":8,"column":54}},"8":{"start":{"line":9,"column":0},"end":{"line":9,"column":40}},"10":{"start":{"line":11,"column":0},"end":{"line":11,"column":30}},"11":{"start":{"line":12,"column":0},"end":{"line":12,"column":52}},"12":{"start":{"line":13,"column":0},"end":{"line":13,"column":57}},"13":{"start":{"line":14,"column":0},"end":{"line":14,"column":36}},"15":{"start":{"line":16,"column":0},"end":{"line":16,"column":43}},"16":{"start":{"line":17,"column":0},"end":{"line":17,"column":29}},"17":{"start":{"line":18,"column":0},"end":{"line":18,"column":4}},"19":{"start":{"line":20,"column":0},"end":{"line":20,"column":10}},"20":{"start":{"line":21,"column":0},"end":{"line":21,"column":58}},"21":{"start":{"line":22,"column":0},"end":{"line":22,"column":34}},"22":{"start":{"line":23,"column":0},"end":{"line":23,"column":23}},"23":{"start":{"line":24,"column":0},"end":{"line":24,"column":28}},"24":{"start":{"line":25,"column":0},"end":{"line":25,"column":23}},"25":{"start":{"line":26,"column":0},"end":{"line":26,"column":51}},"26":{"start":{"line":27,"column":0},"end":{"line":27,"column":50}},"27":{"start":{"line":28,"column":0},"end":{"line":28,"column":10}},"28":{"start":{"line":29,"column":0},"end":{"line":29,"column":9}},"29":{"start":{"line":30,"column":0},"end":{"line":30,"column":27}},"31":{"start":{"line":32,"column":0},"end":{"line":32,"column":2}},"33":{"start":{"line":34,"column":0},"end":{"line":34,"column":20}}},"s":{"0":1,"1":1,"5":1,"6":1,"7":1,"8":1,"10":1,"11":2,"12":2,"13":2,"15":2,"16":1,"17":1,"19":2,"20":2,"21":2,"22":4,"23":4,"24":4,"25":4,"26":4,"27":4,"28":2,"29":2,"31":2,"33":1},"branchMap":{"0":{"type":"branch","line":11,"loc":{"start":{"line":11,"column":23},"end":{"line":32,"column":2}},"locations":[{"start":{"line":11,"column":23},"end":{"line":32,"column":2}}]},"1":{"type":"branch","line":16,"loc":{"start":{"line":16,"column":26},"end":{"line":18,"column":4}},"locations":[{"start":{"line":16,"column":26},"end":{"line":18,"column":4}}]},"2":{"type":"branch","line":22,"loc":{"start":{"line":22,"column":17},"end":{"line":28,"column":10}},"locations":[{"start":{"line":22,"column":17},"end":{"line":28,"column":10}}]},"3":{"type":"branch","line":27,"loc":{"start":{"line":27,"column":19},"end":{"line":27,"column":50}},"locations":[{"start":{"line":27,"column":19},"end":{"line":27,"column":50}}]}},"b":{"0":[2],"1":[1],"2":[4],"3":[1]},"fnMap":{"0":{"name":"Grid","decl":{"start":{"line":11,"column":23},"end":{"line":32,"column":2}},"loc":{"start":{"line":11,"column":23},"end":{"line":32,"column":2}},"line":11},"1":{"name":"handleCellClick","decl":{"start":{"line":16,"column":26},"end":{"line":18,"column":4}},"loc":{"start":{"line":16,"column":26},"end":{"line":18,"column":4}},"line":16},"2":{"name":"onClick","decl":{"start":{"line":27,"column":19},"end":{"line":27,"column":50}},"loc":{"start":{"line":27,"column":19},"end":{"line":27,"column":50}},"line":27}},"f":{"0":2,"1":1,"2":1}}
,"/home/mita/Documents/Entrevistas/testes/net-docs-challenge-marcelomita/src/hooks/useGridResize.ts": {"path":"/home/mita/Documents/Entrevistas/testes/net-docs-challenge-marcelomita/src/hooks/useGridResize.ts","all":false,"statementMap":{"0":{"start":{"line":1,"column":0},"end":{"line":1,"column":34}},"1":{"start":{"line":2,"column":0},"end":{"line":2,"column":49}},"2":{"start":{"line":3,"column":0},"end":{"line":3,"column":42}},"4":{"start":{"line":5,"column":0},"end":{"line":5,"column":36}},"5":{"start":{"line":6,"column":0},"end":{"line":6,"column":36}},"7":{"start":{"line":8,"column":0},"end":{"line":8,"column":19}},"8":{"start":{"line":9,"column":0},"end":{"line":9,"column":34}},"9":{"start":{"line":10,"column":0},"end":{"line":10,"column":52}},"10":{"start":{"line":11,"column":0},"end":{"line":11,"column":55}},"11":{"start":{"line":12,"column":0},"end":{"line":12,"column":54}},"12":{"start":{"line":13,"column":0},"end":{"line":13,"column":52}},"13":{"start":{"line":14,"column":0},"end":{"line":14,"column":61}},"14":{"start":{"line":15,"column":0},"end":{"line":15,"column":6}},"16":{"start":{"line":17,"column":0},"end":{"line":17,"column":21}},"17":{"start":{"line":18,"column":0},"end":{"line":18,"column":54}},"19":{"start":{"line":20,"column":0},"end":{"line":20,"column":70}},"20":{"start":{"line":21,"column":0},"end":{"line":21,"column":17}},"21":{"start":{"line":22,"column":0},"end":{"line":22,"column":2}}},"s":{"0":1,"1":1,"2":1,"4":1,"5":3,"7":3,"8":3,"9":4,"10":4,"11":4,"12":4,"13":4,"14":4,"16":3,"17":3,"19":3,"20":3,"21":3},"branchMap":{"0":{"type":"branch","line":5,"loc":{"start":{"line":5,"column":29},"end":{"line":22,"column":2}},"locations":[{"start":{"line":5,"column":29},"end":{"line":22,"column":2}}]},"1":{"type":"branch","line":8,"loc":{"start":{"line":8,"column":12},"end":{"line":21,"column":5}},"locations":[{"start":{"line":8,"column":12},"end":{"line":21,"column":5}}]},"2":{"type":"branch","line":9,"loc":{"start":{"line":9,"column":27},"end":{"line":15,"column":6}},"locations":[{"start":{"line":9,"column":27},"end":{"line":15,"column":6}}]},"3":{"type":"branch","line":20,"loc":{"start":{"line":20,"column":11},"end":{"line":20,"column":70}},"locations":[{"start":{"line":20,"column":11},"end":{"line":20,"column":70}}]}},"b":{"0":[3],"1":[3],"2":[4],"3":[3]},"fnMap":{"0":{"name":"useGridResize","decl":{"start":{"line":5,"column":29},"end":{"line":22,"column":2}},"loc":{"start":{"line":5,"column":29},"end":{"line":22,"column":2}},"line":5},"1":{"name":"updateGridSize","decl":{"start":{"line":9,"column":27},"end":{"line":15,"column":6}},"loc":{"start":{"line":9,"column":27},"end":{"line":15,"column":6}},"line":9}},"f":{"0":3,"1":4}}
,"/home/mita/Documents/Entrevistas/testes/net-docs-challenge-marcelomita/src/spec/components/ActionButtons.spec.tsx": {"path":"/home/mita/Documents/Entrevistas/testes/net-docs-challenge-marcelomita/src/spec/components/ActionButtons.spec.tsx","all":false,"statementMap":{"0":{"start":{"line":1,"column":0},"end":{"line":1,"column":62}},"1":{"start":{"line":2,"column":0},"end":{"line":2,"column":59}},"2":{"start":{"line":3,"column":0},"end":{"line":3,"column":59}},"3":{"start":{"line":4,"column":0},"end":{"line":4,"column":59}},"4":{"start":{"line":5,"column":0},"end":{"line":5,"column":73}},"5":{"start":{"line":6,"column":0},"end":{"line":6,"column":50}},"6":{"start":{"line":7,"column":0},"end":{"line":7,"column":42}},"7":{"start":{"line":8,"column":0},"end":{"line":8,"column":45}},"23":{"start":{"line":24,"column":0},"end":{"line":24,"column":43}},"24":{"start":{"line":25,"column":0},"end":{"line":25,"column":21}},"25":{"start":{"line":26,"column":0},"end":{"line":26,"column":13}},"26":{"start":{"line":27,"column":0},"end":{"line":27,"column":23}},"27":{"start":{"line":28,"column":0},"end":{"line":28,"column":20}},"28":{"start":{"line":29,"column":0},"end":{"line":29,"column":6}},"29":{"start":{"line":30,"column":0},"end":{"line":30,"column":4}},"31":{"start":{"line":32,"column":0},"end":{"line":32,"column":20}},"32":{"start":{"line":33,"column":0},"end":{"line":33,"column":61}},"33":{"start":{"line":34,"column":0},"end":{"line":34,"column":55}},"34":{"start":{"line":35,"column":0},"end":{"line":35,"column":5}},"36":{"start":{"line":37,"column":0},"end":{"line":37,"column":45}},"37":{"start":{"line":38,"column":0},"end":{"line":38,"column":43}},"39":{"start":{"line":40,"column":0},"end":{"line":40,"column":68}},"40":{"start":{"line":41,"column":0},"end":{"line":41,"column":58}},"41":{"start":{"line":42,"column":0},"end":{"line":42,"column":65}},"42":{"start":{"line":43,"column":0},"end":{"line":43,"column":78}},"43":{"start":{"line":44,"column":0},"end":{"line":44,"column":5}},"45":{"start":{"line":46,"column":0},"end":{"line":46,"column":69}},"46":{"start":{"line":47,"column":0},"end":{"line":47,"column":33}},"47":{"start":{"line":48,"column":0},"end":{"line":48,"column":60}},"49":{"start":{"line":50,"column":0},"end":{"line":50,"column":43}},"51":{"start":{"line":52,"column":0},"end":{"line":52,"column":57}},"52":{"start":{"line":53,"column":0},"end":{"line":53,"column":58}},"53":{"start":{"line":54,"column":0},"end":{"line":54,"column":5}},"55":{"start":{"line":56,"column":0},"end":{"line":56,"column":71}},"56":{"start":{"line":57,"column":0},"end":{"line":57,"column":33}},"57":{"start":{"line":58,"column":0},"end":{"line":58,"column":60}},"59":{"start":{"line":60,"column":0},"end":{"line":60,"column":43}},"61":{"start":{"line":62,"column":0},"end":{"line":62,"column":47}},"62":{"start":{"line":63,"column":0},"end":{"line":63,"column":65}},"63":{"start":{"line":64,"column":0},"end":{"line":64,"column":5}},"65":{"start":{"line":66,"column":0},"end":{"line":66,"column":64}},"66":{"start":{"line":67,"column":0},"end":{"line":67,"column":33}},"67":{"start":{"line":68,"column":0},"end":{"line":68,"column":60}},"69":{"start":{"line":70,"column":0},"end":{"line":70,"column":43}},"71":{"start":{"line":72,"column":0},"end":{"line":72,"column":64}},"72":{"start":{"line":73,"column":0},"end":{"line":73,"column":57}},"73":{"start":{"line":74,"column":0},"end":{"line":74,"column":64}},"74":{"start":{"line":75,"column":0},"end":{"line":75,"column":5}},"75":{"start":{"line":76,"column":0},"end":{"line":76,"column":3}}},"s":{"0":1,"1":1,"2":1,"3":1,"4":1,"5":1,"6":1,"7":1,"23":1,"24":1,"25":1,"26":1,"27":1,"28":1,"29":1,"31":1,"32":4,"33":4,"34":1,"36":1,"37":1,"39":1,"40":1,"41":1,"42":1,"43":1,"45":1,"46":1,"47":1,"49":1,"51":1,"52":1,"53":1,"55":1,"56":1,"57":1,"59":1,"61":1,"62":1,"63":1,"65":1,"66":1,"67":1,"69":1,"71":1,"72":1,"73":1,"74":1,"75":1},"branchMap":{"0":{"type":"branch","line":24,"loc":{"start":{"line":24,"column":36},"end":{"line":76,"column":3}},"locations":[{"start":{"line":24,"column":36},"end":{"line":76,"column":3}}]},"1":{"type":"branch","line":32,"loc":{"start":{"line":32,"column":13},"end":{"line":35,"column":3}},"locations":[{"start":{"line":32,"column":13},"end":{"line":35,"column":3}}]},"2":{"type":"branch","line":37,"loc":{"start":{"line":37,"column":38},"end":{"line":44,"column":3}},"locations":[{"start":{"line":37,"column":38},"end":{"line":44,"column":3}}]},"3":{"type":"branch","line":46,"loc":{"start":{"line":46,"column":62},"end":{"line":54,"column":3}},"locations":[{"start":{"line":46,"column":62},"end":{"line":54,"column":3}}]},"4":{"type":"branch","line":56,"loc":{"start":{"line":56,"column":64},"end":{"line":64,"column":3}},"locations":[{"start":{"line":56,"column":64},"end":{"line":64,"column":3}}]},"5":{"type":"branch","line":66,"loc":{"start":{"line":66,"column":57},"end":{"line":75,"column":3}},"locations":[{"start":{"line":66,"column":57},"end":{"line":75,"column":3}}]}},"b":{"0":[1],"1":[4],"2":[1],"3":[1],"4":[1],"5":[1]},"fnMap":{},"f":{}}
,"/home/mita/Documents/Entrevistas/testes/net-docs-challenge-marcelomita/src/spec/components/App.spec.tsx": {"path":"/home/mita/Documents/Entrevistas/testes/net-docs-challenge-marcelomita/src/spec/components/App.spec.tsx","all":false,"statementMap":{"0":{"start":{"line":1,"column":0},"end":{"line":1,"column":50}},"1":{"start":{"line":2,"column":0},"end":{"line":2,"column":48}},"2":{"start":{"line":3,"column":0},"end":{"line":3,"column":28}},"3":{"start":{"line":4,"column":0},"end":{"line":4,"column":59}},"4":{"start":{"line":5,"column":0},"end":{"line":5,"column":58}},"13":{"start":{"line":14,"column":0},"end":{"line":14,"column":62}},"22":{"start":{"line":23,"column":0},"end":{"line":23,"column":33}},"23":{"start":{"line":24,"column":0},"end":{"line":24,"column":40}},"24":{"start":{"line":25,"column":0},"end":{"line":25,"column":33}},"27":{"start":{"line":28,"column":0},"end":{"line":28,"column":65}},"30":{"start":{"line":31,"column":0},"end":{"line":31,"column":64}},"33":{"start":{"line":34,"column":0},"end":{"line":34,"column":74}},"34":{"start":{"line":35,"column":0},"end":{"line":35,"column":5}},"36":{"start":{"line":37,"column":0},"end":{"line":37,"column":40}},"37":{"start":{"line":38,"column":0},"end":{"line":38,"column":55}},"38":{"start":{"line":39,"column":0},"end":{"line":39,"column":33}},"39":{"start":{"line":40,"column":0},"end":{"line":40,"column":49}},"40":{"start":{"line":41,"column":0},"end":{"line":41,"column":5}},"41":{"start":{"line":42,"column":0},"end":{"line":42,"column":3}}},"s":{"0":1,"1":1,"2":1,"3":1,"4":1,"13":1,"22":1,"23":1,"24":1,"27":1,"30":1,"33":1,"34":1,"36":1,"37":1,"38":1,"39":1,"40":1,"41":1},"branchMap":{"0":{"type":"branch","line":23,"loc":{"start":{"line":23,"column":26},"end":{"line":42,"column":3}},"locations":[{"start":{"line":23,"column":26},"end":{"line":42,"column":3}}]},"1":{"type":"branch","line":24,"loc":{"start":{"line":24,"column":33},"end":{"line":35,"column":3}},"locations":[{"start":{"line":24,"column":33},"end":{"line":35,"column":3}}]},"2":{"type":"branch","line":37,"loc":{"start":{"line":37,"column":33},"end":{"line":41,"column":3}},"locations":[{"start":{"line":37,"column":33},"end":{"line":41,"column":3}}]}},"b":{"0":[1],"1":[1],"2":[1]},"fnMap":{},"f":{}}
,"/home/mita/Documents/Entrevistas/testes/net-docs-challenge-marcelomita/src/spec/components/Grid.spec.tsx": {"path":"/home/mita/Documents/Entrevistas/testes/net-docs-challenge-marcelomita/src/spec/components/Grid.spec.tsx","all":false,"statementMap":{"0":{"start":{"line":1,"column":0},"end":{"line":1,"column":62}},"1":{"start":{"line":2,"column":0},"end":{"line":2,"column":59}},"2":{"start":{"line":3,"column":0},"end":{"line":3,"column":41}},"3":{"start":{"line":4,"column":0},"end":{"line":4,"column":59}},"4":{"start":{"line":5,"column":0},"end":{"line":5,"column":52}},"5":{"start":{"line":6,"column":0},"end":{"line":6,"column":61}},"6":{"start":{"line":7,"column":0},"end":{"line":7,"column":51}},"8":{"start":{"line":9,"column":0},"end":{"line":9,"column":65}},"25":{"start":{"line":26,"column":0},"end":{"line":26,"column":34}},"26":{"start":{"line":27,"column":0},"end":{"line":27,"column":41}},"27":{"start":{"line":28,"column":0},"end":{"line":28,"column":11}},"28":{"start":{"line":29,"column":0},"end":{"line":29,"column":14}},"29":{"start":{"line":30,"column":0},"end":{"line":30,"column":52}},"30":{"start":{"line":31,"column":0},"end":{"line":31,"column":53}},"31":{"start":{"line":32,"column":0},"end":{"line":32,"column":8}},"32":{"start":{"line":33,"column":0},"end":{"line":33,"column":15}},"33":{"start":{"line":34,"column":0},"end":{"line":34,"column":16}},"34":{"start":{"line":35,"column":0},"end":{"line":35,"column":6}},"35":{"start":{"line":36,"column":0},"end":{"line":36,"column":13}},"36":{"start":{"line":37,"column":0},"end":{"line":37,"column":23}},"37":{"start":{"line":38,"column":0},"end":{"line":38,"column":20}},"38":{"start":{"line":39,"column":0},"end":{"line":39,"column":6}},"39":{"start":{"line":40,"column":0},"end":{"line":40,"column":4}},"41":{"start":{"line":42,"column":0},"end":{"line":42,"column":20}},"42":{"start":{"line":43,"column":0},"end":{"line":43,"column":64}},"43":{"start":{"line":44,"column":0},"end":{"line":44,"column":45}},"44":{"start":{"line":45,"column":0},"end":{"line":45,"column":66}},"45":{"start":{"line":46,"column":0},"end":{"line":46,"column":7}},"46":{"start":{"line":47,"column":0},"end":{"line":47,"column":46}},"47":{"start":{"line":48,"column":0},"end":{"line":48,"column":7}},"48":{"start":{"line":49,"column":0},"end":{"line":49,"column":55}},"49":{"start":{"line":50,"column":0},"end":{"line":50,"column":5}},"51":{"start":{"line":52,"column":0},"end":{"line":52,"column":40}},"52":{"start":{"line":53,"column":0},"end":{"line":53,"column":34}},"54":{"start":{"line":55,"column":0},"end":{"line":55,"column":59}},"55":{"start":{"line":56,"column":0},"end":{"line":56,"column":58}},"56":{"start":{"line":57,"column":0},"end":{"line":57,"column":5}},"58":{"start":{"line":59,"column":0},"end":{"line":59,"column":67}},"59":{"start":{"line":60,"column":0},"end":{"line":60,"column":33}},"60":{"start":{"line":61,"column":0},"end":{"line":61,"column":60}},"62":{"start":{"line":63,"column":0},"end":{"line":63,"column":34}},"64":{"start":{"line":65,"column":0},"end":{"line":65,"column":48}},"65":{"start":{"line":66,"column":0},"end":{"line":66,"column":30}},"67":{"start":{"line":68,"column":0},"end":{"line":68,"column":65}},"68":{"start":{"line":69,"column":0},"end":{"line":69,"column":5}},"69":{"start":{"line":70,"column":0},"end":{"line":70,"column":3}}},"s":{"0":1,"1":1,"2":1,"3":1,"4":1,"5":1,"6":1,"8":1,"25":1,"26":1,"27":1,"28":1,"29":1,"30":1,"31":1,"32":1,"33":1,"34":1,"35":1,"36":1,"37":1,"38":1,"39":1,"41":1,"42":2,"43":4,"44":2,"45":2,"46":2,"47":2,"48":2,"49":1,"51":1,"52":1,"54":1,"55":1,"56":1,"58":1,"59":1,"60":1,"62":1,"64":1,"65":1,"67":1,"68":1,"69":1},"branchMap":{"0":{"type":"branch","line":26,"loc":{"start":{"line":26,"column":27},"end":{"line":70,"column":3}},"locations":[{"start":{"line":26,"column":27},"end":{"line":70,"column":3}}]},"1":{"type":"branch","line":42,"loc":{"start":{"line":42,"column":13},"end":{"line":50,"column":3}},"locations":[{"start":{"line":42,"column":13},"end":{"line":50,"column":3}}]},"2":{"type":"branch","line":43,"loc":{"start":{"line":43,"column":49},"end":{"line":48,"column":5}},"locations":[{"start":{"line":43,"column":49},"end":{"line":48,"column":5}}]},"3":{"type":"branch","line":44,"loc":{"start":{"line":44,"column":44},"end":{"line":47,"column":46}},"locations":[{"start":{"line":44,"column":44},"end":{"line":47,"column":46}}]},"4":{"type":"branch","line":52,"loc":{"start":{"line":52,"column":33},"end":{"line":57,"column":3}},"locations":[{"start":{"line":52,"column":33},"end":{"line":57,"column":3}}]},"5":{"type":"branch","line":59,"loc":{"start":{"line":59,"column":60},"end":{"line":69,"column":3}},"locations":[{"start":{"line":59,"column":60},"end":{"line":69,"column":3}}]}},"b":{"0":[1],"1":[2],"2":[4],"3":[2],"4":[1],"5":[1]},"fnMap":{},"f":{}}
,"/home/mita/Documents/Entrevistas/testes/net-docs-challenge-marcelomita/src/spec/hooks/useGridResize.spec.ts": {"path":"/home/mita/Documents/Entrevistas/testes/net-docs-challenge-marcelomita/src/spec/hooks/useGridResize.spec.ts","all":false,"statementMap":{"0":{"start":{"line":1,"column":0},"end":{"line":1,"column":62}},"1":{"start":{"line":2,"column":0},"end":{"line":2,"column":52}},"2":{"start":{"line":3,"column":0},"end":{"line":3,"column":58}},"3":{"start":{"line":4,"column":0},"end":{"line":4,"column":52}},"4":{"start":{"line":5,"column":0},"end":{"line":5,"column":45}},"11":{"start":{"line":12,"column":0},"end":{"line":12,"column":38}},"12":{"start":{"line":13,"column":0},"end":{"line":13,"column":31}},"14":{"start":{"line":15,"column":0},"end":{"line":15,"column":20}},"15":{"start":{"line":16,"column":0},"end":{"line":16,"column":60}},"16":{"start":{"line":17,"column":0},"end":{"line":17,"column":41}},"17":{"start":{"line":18,"column":0},"end":{"line":18,"column":44}},"18":{"start":{"line":19,"column":0},"end":{"line":19,"column":5}},"20":{"start":{"line":21,"column":0},"end":{"line":21,"column":47}},"21":{"start":{"line":22,"column":0},"end":{"line":22,"column":38}},"22":{"start":{"line":23,"column":0},"end":{"line":23,"column":78}},"23":{"start":{"line":24,"column":0},"end":{"line":24,"column":5}},"25":{"start":{"line":26,"column":0},"end":{"line":26,"column":52}},"26":{"start":{"line":27,"column":0},"end":{"line":27,"column":58}},"27":{"start":{"line":28,"column":0},"end":{"line":28,"column":57}},"28":{"start":{"line":29,"column":0},"end":{"line":29,"column":15}},"29":{"start":{"line":30,"column":0},"end":{"line":30,"column":26}},"30":{"start":{"line":31,"column":0},"end":{"line":31,"column":6}},"32":{"start":{"line":33,"column":0},"end":{"line":33,"column":14}},"33":{"start":{"line":34,"column":0},"end":{"line":34,"column":60}},"34":{"start":{"line":35,"column":0},"end":{"line":35,"column":15}},"35":{"start":{"line":36,"column":0},"end":{"line":36,"column":26}},"36":{"start":{"line":37,"column":0},"end":{"line":37,"column":6}},"37":{"start":{"line":38,"column":0},"end":{"line":38,"column":5}},"39":{"start":{"line":40,"column":0},"end":{"line":40,"column":56}},"40":{"start":{"line":41,"column":0},"end":{"line":41,"column":64}},"41":{"start":{"line":42,"column":0},"end":{"line":42,"column":64}},"43":{"start":{"line":44,"column":0},"end":{"line":44,"column":38}},"46":{"start":{"line":47,"column":0},"end":{"line":47,"column":46}},"48":{"start":{"line":49,"column":0},"end":{"line":49,"column":46}},"49":{"start":{"line":50,"column":0},"end":{"line":50,"column":18}},"50":{"start":{"line":51,"column":0},"end":{"line":51,"column":34}},"51":{"start":{"line":52,"column":0},"end":{"line":52,"column":35}},"52":{"start":{"line":53,"column":0},"end":{"line":53,"column":8}},"53":{"start":{"line":54,"column":0},"end":{"line":54,"column":6}},"54":{"start":{"line":55,"column":0},"end":{"line":55,"column":5}},"55":{"start":{"line":56,"column":0},"end":{"line":56,"column":3}}},"s":{"0":1,"1":1,"2":1,"3":1,"4":1,"11":1,"12":1,"14":1,"15":3,"16":3,"17":3,"18":1,"20":1,"21":1,"22":1,"23":1,"25":1,"26":1,"27":1,"28":1,"29":1,"30":1,"32":1,"33":1,"34":1,"35":1,"36":1,"37":1,"39":1,"40":1,"41":1,"43":1,"46":1,"48":1,"49":1,"50":1,"51":1,"52":1,"53":1,"54":1,"55":1},"branchMap":{"0":{"type":"branch","line":12,"loc":{"start":{"line":12,"column":31},"end":{"line":56,"column":3}},"locations":[{"start":{"line":12,"column":31},"end":{"line":56,"column":3}}]},"1":{"type":"branch","line":15,"loc":{"start":{"line":15,"column":13},"end":{"line":19,"column":3}},"locations":[{"start":{"line":15,"column":13},"end":{"line":19,"column":3}}]},"2":{"type":"branch","line":21,"loc":{"start":{"line":21,"column":40},"end":{"line":24,"column":3}},"locations":[{"start":{"line":21,"column":40},"end":{"line":24,"column":3}}]},"3":{"type":"branch","line":22,"loc":{"start":{"line":22,"column":15},"end":{"line":22,"column":36}},"locations":[{"start":{"line":22,"column":15},"end":{"line":22,"column":36}}]},"4":{"type":"branch","line":26,"loc":{"start":{"line":26,"column":45},"end":{"line":38,"column":3}},"locations":[{"start":{"line":26,"column":45},"end":{"line":38,"column":3}}]},"5":{"type":"branch","line":27,"loc":{"start":{"line":27,"column":35},"end":{"line":27,"column":56}},"locations":[{"start":{"line":27,"column":35},"end":{"line":27,"column":56}}]},"6":{"type":"branch","line":40,"loc":{"start":{"line":40,"column":49},"end":{"line":55,"column":3}},"locations":[{"start":{"line":40,"column":49},"end":{"line":55,"column":3}}]},"7":{"type":"branch","line":44,"loc":{"start":{"line":44,"column":15},"end":{"line":44,"column":36}},"locations":[{"start":{"line":44,"column":15},"end":{"line":44,"column":36}}]}},"b":{"0":[1],"1":[3],"2":[1],"3":[1],"4":[1],"5":[1],"6":[1],"7":[1]},"fnMap":{},"f":{}}
,"/home/mita/Documents/Entrevistas/testes/net-docs-challenge-marcelomita/src/spec/store/index.spec.ts": {"path":"/home/mita/Documents/Entrevistas/testes/net-docs-challenge-marcelomita/src/spec/store/index.spec.ts","all":false,"statementMap":{"0":{"start":{"line":1,"column":0},"end":{"line":1,"column":50}},"1":{"start":{"line":2,"column":0},"end":{"line":2,"column":55}},"2":{"start":{"line":3,"column":0},"end":{"line":3,"column":79}},"10":{"start":{"line":11,"column":0},"end":{"line":11,"column":25}},"11":{"start":{"line":12,"column":0},"end":{"line":12,"column":59}},"12":{"start":{"line":13,"column":0},"end":{"line":13,"column":37}},"13":{"start":{"line":14,"column":0},"end":{"line":14,"column":31}},"14":{"start":{"line":15,"column":0},"end":{"line":15,"column":33}},"15":{"start":{"line":16,"column":0},"end":{"line":16,"column":35}},"16":{"start":{"line":17,"column":0},"end":{"line":17,"column":8}},"17":{"start":{"line":18,"column":0},"end":{"line":18,"column":6}},"18":{"start":{"line":19,"column":0},"end":{"line":19,"column":5}},"20":{"start":{"line":21,"column":0},"end":{"line":21,"column":58}},"21":{"start":{"line":22,"column":0},"end":{"line":22,"column":46}},"22":{"start":{"line":23,"column":0},"end":{"line":23,"column":41}},"23":{"start":{"line":24,"column":0},"end":{"line":24,"column":43}},"24":{"start":{"line":25,"column":0},"end":{"line":25,"column":5}},"26":{"start":{"line":27,"column":0},"end":{"line":27,"column":54}},"27":{"start":{"line":28,"column":0},"end":{"line":28,"column":33}},"28":{"start":{"line":29,"column":0},"end":{"line":29,"column":57}},"30":{"start":{"line":31,"column":0},"end":{"line":31,"column":38}},"31":{"start":{"line":32,"column":0},"end":{"line":32,"column":31}},"33":{"start":{"line":34,"column":0},"end":{"line":34,"column":43}},"34":{"start":{"line":35,"column":0},"end":{"line":35,"column":64}},"35":{"start":{"line":36,"column":0},"end":{"line":36,"column":5}},"37":{"start":{"line":38,"column":0},"end":{"line":38,"column":54}},"38":{"start":{"line":39,"column":0},"end":{"line":39,"column":34}},"39":{"start":{"line":40,"column":0},"end":{"line":40,"column":47}},"40":{"start":{"line":41,"column":0},"end":{"line":41,"column":50}},"41":{"start":{"line":42,"column":0},"end":{"line":42,"column":6}},"42":{"start":{"line":43,"column":0},"end":{"line":43,"column":59}},"43":{"start":{"line":44,"column":0},"end":{"line":44,"column":25}},"44":{"start":{"line":45,"column":0},"end":{"line":45,"column":6}},"46":{"start":{"line":47,"column":0},"end":{"line":47,"column":69}},"48":{"start":{"line":49,"column":0},"end":{"line":49,"column":43}},"49":{"start":{"line":50,"column":0},"end":{"line":50,"column":31}},"50":{"start":{"line":51,"column":0},"end":{"line":51,"column":5}},"51":{"start":{"line":52,"column":0},"end":{"line":52,"column":3}}},"s":{"0":1,"1":1,"2":1,"10":1,"11":1,"12":1,"13":1,"14":1,"15":1,"16":1,"17":1,"18":1,"20":1,"21":1,"22":1,"23":1,"24":1,"26":1,"27":1,"28":1,"30":1,"31":1,"33":1,"34":1,"35":1,"37":1,"38":1,"39":1,"40":1,"41":1,"42":1,"43":1,"44":1,"46":1,"48":1,"49":1,"50":1,"51":1},"branchMap":{"0":{"type":"branch","line":11,"loc":{"start":{"line":11,"column":18},"end":{"line":52,"column":3}},"locations":[{"start":{"line":11,"column":18},"end":{"line":52,"column":3}}]},"1":{"type":"branch","line":12,"loc":{"start":{"line":12,"column":52},"end":{"line":19,"column":3}},"locations":[{"start":{"line":12,"column":52},"end":{"line":19,"column":3}}]},"2":{"type":"branch","line":21,"loc":{"start":{"line":21,"column":51},"end":{"line":25,"column":3}},"locations":[{"start":{"line":21,"column":51},"end":{"line":25,"column":3}}]},"3":{"type":"branch","line":27,"loc":{"start":{"line":27,"column":47},"end":{"line":36,"column":3}},"locations":[{"start":{"line":27,"column":47},"end":{"line":36,"column":3}}]},"4":{"type":"branch","line":38,"loc":{"start":{"line":38,"column":47},"end":{"line":51,"column":3}},"locations":[{"start":{"line":38,"column":47},"end":{"line":51,"column":3}}]},"5":{"type":"branch","line":43,"loc":{"start":{"line":43,"column":46},"end":{"line":44,"column":25}},"locations":[{"start":{"line":43,"column":46},"end":{"line":44,"column":25}}]},"6":{"type":"branch","line":47,"loc":{"start":{"line":47,"column":34},"end":{"line":47,"column":67}},"locations":[{"start":{"line":47,"column":34},"end":{"line":47,"column":67}}]}},"b":{"0":[1],"1":[1],"2":[1],"3":[1],"4":[1],"5":[1],"6":[1]},"fnMap":{},"f":{}}
,"/home/mita/Documents/Entrevistas/testes/net-docs-challenge-marcelomita/src/spec/store/action/selectors.spec.ts": {"path":"/home/mita/Documents/Entrevistas/testes/net-docs-challenge-marcelomita/src/spec/store/action/selectors.spec.ts","all":false,"statementMap":{"0":{"start":{"line":1,"column":0},"end":{"line":1,"column":46}},"4":{"start":{"line":5,"column":0},"end":{"line":5,"column":41}},"7":{"start":{"line":8,"column":0},"end":{"line":8,"column":36}},"8":{"start":{"line":9,"column":0},"end":{"line":9,"column":32}},"9":{"start":{"line":10,"column":0},"end":{"line":10,"column":11}},"10":{"start":{"line":11,"column":0},"end":{"line":11,"column":16}},"11":{"start":{"line":12,"column":0},"end":{"line":12,"column":15}},"12":{"start":{"line":13,"column":0},"end":{"line":13,"column":16}},"13":{"start":{"line":14,"column":0},"end":{"line":14,"column":6}},"14":{"start":{"line":15,"column":0},"end":{"line":15,"column":13}},"15":{"start":{"line":16,"column":0},"end":{"line":16,"column":22}},"16":{"start":{"line":17,"column":0},"end":{"line":17,"column":20}},"17":{"start":{"line":18,"column":0},"end":{"line":18,"column":6}},"18":{"start":{"line":19,"column":0},"end":{"line":19,"column":4}},"20":{"start":{"line":21,"column":0},"end":{"line":21,"column":39}},"21":{"start":{"line":22,"column":0},"end":{"line":22,"column":50}},"22":{"start":{"line":23,"column":0},"end":{"line":23,"column":5}},"24":{"start":{"line":25,"column":0},"end":{"line":25,"column":39}},"25":{"start":{"line":26,"column":0},"end":{"line":26,"column":48}},"26":{"start":{"line":27,"column":0},"end":{"line":27,"column":5}},"27":{"start":{"line":28,"column":0},"end":{"line":28,"column":3}}},"s":{"0":1,"4":1,"7":1,"8":1,"9":1,"10":1,"11":1,"12":1,"13":1,"14":1,"15":1,"16":1,"17":1,"18":1,"20":1,"21":1,"22":1,"24":1,"25":1,"26":1,"27":1},"branchMap":{"0":{"type":"branch","line":8,"loc":{"start":{"line":8,"column":29},"end":{"line":28,"column":3}},"locations":[{"start":{"line":8,"column":29},"end":{"line":28,"column":3}}]},"1":{"type":"branch","line":21,"loc":{"start":{"line":21,"column":32},"end":{"line":23,"column":3}},"locations":[{"start":{"line":21,"column":32},"end":{"line":23,"column":3}}]},"2":{"type":"branch","line":25,"loc":{"start":{"line":25,"column":32},"end":{"line":27,"column":3}},"locations":[{"start":{"line":25,"column":32},"end":{"line":27,"column":3}}]}},"b":{"0":[1],"1":[1],"2":[1]},"fnMap":{},"f":{}}
,"/home/mita/Documents/Entrevistas/testes/net-docs-challenge-marcelomita/src/spec/store/action/slice.spec.ts": {"path":"/home/mita/Documents/Entrevistas/testes/net-docs-challenge-marcelomita/src/spec/store/action/slice.spec.ts","all":false,"statementMap":{"0":{"start":{"line":1,"column":0},"end":{"line":1,"column":46}},"4":{"start":{"line":5,"column":0},"end":{"line":5,"column":37}},"7":{"start":{"line":8,"column":0},"end":{"line":8,"column":32}},"8":{"start":{"line":9,"column":0},"end":{"line":9,"column":37}},"9":{"start":{"line":10,"column":0},"end":{"line":10,"column":21}},"10":{"start":{"line":11,"column":0},"end":{"line":11,"column":18}},"11":{"start":{"line":12,"column":0},"end":{"line":12,"column":4}},"13":{"start":{"line":14,"column":0},"end":{"line":14,"column":43}},"14":{"start":{"line":15,"column":0},"end":{"line":15,"column":80}},"15":{"start":{"line":16,"column":0},"end":{"line":16,"column":5}},"17":{"start":{"line":18,"column":0},"end":{"line":18,"column":45}},"18":{"start":{"line":19,"column":0},"end":{"line":19,"column":66}},"19":{"start":{"line":20,"column":0},"end":{"line":20,"column":40}},"20":{"start":{"line":21,"column":0},"end":{"line":21,"column":5}},"22":{"start":{"line":23,"column":0},"end":{"line":23,"column":42}},"23":{"start":{"line":24,"column":0},"end":{"line":24,"column":65}},"24":{"start":{"line":25,"column":0},"end":{"line":25,"column":38}},"25":{"start":{"line":26,"column":0},"end":{"line":26,"column":5}},"26":{"start":{"line":27,"column":0},"end":{"line":27,"column":3}}},"s":{"0":1,"4":1,"7":1,"8":1,"9":1,"10":1,"11":1,"13":1,"14":1,"15":1,"17":1,"18":1,"19":1,"20":1,"22":1,"23":1,"24":1,"25":1,"26":1},"branchMap":{"0":{"type":"branch","line":8,"loc":{"start":{"line":8,"column":25},"end":{"line":27,"column":3}},"locations":[{"start":{"line":8,"column":25},"end":{"line":27,"column":3}}]},"1":{"type":"branch","line":14,"loc":{"start":{"line":14,"column":36},"end":{"line":16,"column":3}},"locations":[{"start":{"line":14,"column":36},"end":{"line":16,"column":3}}]},"2":{"type":"branch","line":18,"loc":{"start":{"line":18,"column":38},"end":{"line":21,"column":3}},"locations":[{"start":{"line":18,"column":38},"end":{"line":21,"column":3}}]},"3":{"type":"branch","line":23,"loc":{"start":{"line":23,"column":35},"end":{"line":26,"column":3}},"locations":[{"start":{"line":23,"column":35},"end":{"line":26,"column":3}}]}},"b":{"0":[1],"1":[1],"2":[1],"3":[1]},"fnMap":{},"f":{}}
,"/home/mita/Documents/Entrevistas/testes/net-docs-challenge-marcelomita/src/spec/store/grid/selectors.spec.ts": {"path":"/home/mita/Documents/Entrevistas/testes/net-docs-challenge-marcelomita/src/spec/store/grid/selectors.spec.ts","all":false,"statementMap":{"0":{"start":{"line":1,"column":0},"end":{"line":1,"column":46}},"5":{"start":{"line":6,"column":0},"end":{"line":6,"column":39}},"6":{"start":{"line":7,"column":0},"end":{"line":7,"column":54}},"8":{"start":{"line":9,"column":0},"end":{"line":9,"column":34}},"9":{"start":{"line":10,"column":0},"end":{"line":10,"column":21}},"10":{"start":{"line":11,"column":0},"end":{"line":11,"column":11}},"11":{"start":{"line":12,"column":0},"end":{"line":12,"column":14}},"12":{"start":{"line":13,"column":0},"end":{"line":13,"column":53}},"13":{"start":{"line":14,"column":0},"end":{"line":14,"column":52}},"14":{"start":{"line":15,"column":0},"end":{"line":15,"column":52}},"15":{"start":{"line":16,"column":0},"end":{"line":16,"column":53}},"16":{"start":{"line":17,"column":0},"end":{"line":17,"column":8}},"17":{"start":{"line":18,"column":0},"end":{"line":18,"column":15}},"18":{"start":{"line":19,"column":0},"end":{"line":19,"column":16}},"19":{"start":{"line":20,"column":0},"end":{"line":20,"column":6}},"20":{"start":{"line":21,"column":0},"end":{"line":21,"column":48}},"21":{"start":{"line":22,"column":0},"end":{"line":22,"column":4}},"23":{"start":{"line":24,"column":0},"end":{"line":24,"column":35}},"24":{"start":{"line":25,"column":0},"end":{"line":25,"column":65}},"25":{"start":{"line":26,"column":0},"end":{"line":26,"column":5}},"27":{"start":{"line":28,"column":0},"end":{"line":28,"column":45}},"28":{"start":{"line":29,"column":0},"end":{"line":29,"column":77}},"29":{"start":{"line":30,"column":0},"end":{"line":30,"column":5}},"31":{"start":{"line":32,"column":0},"end":{"line":32,"column":44}},"32":{"start":{"line":33,"column":0},"end":{"line":33,"column":53}},"33":{"start":{"line":34,"column":0},"end":{"line":34,"column":38}},"34":{"start":{"line":35,"column":0},"end":{"line":35,"column":72}},"35":{"start":{"line":36,"column":0},"end":{"line":36,"column":72}},"36":{"start":{"line":37,"column":0},"end":{"line":37,"column":5}},"37":{"start":{"line":38,"column":0},"end":{"line":38,"column":3}}},"s":{"0":1,"5":1,"6":1,"8":1,"9":1,"10":1,"11":1,"12":1,"13":1,"14":1,"15":1,"16":1,"17":1,"18":1,"19":1,"20":1,"21":1,"23":1,"24":1,"25":1,"27":1,"28":1,"29":1,"31":1,"32":1,"33":1,"34":1,"35":1,"36":1,"37":1},"branchMap":{"0":{"type":"branch","line":9,"loc":{"start":{"line":9,"column":27},"end":{"line":38,"column":3}},"locations":[{"start":{"line":9,"column":27},"end":{"line":38,"column":3}}]},"1":{"type":"branch","line":24,"loc":{"start":{"line":24,"column":28},"end":{"line":26,"column":3}},"locations":[{"start":{"line":24,"column":28},"end":{"line":26,"column":3}}]},"2":{"type":"branch","line":28,"loc":{"start":{"line":28,"column":38},"end":{"line":30,"column":3}},"locations":[{"start":{"line":28,"column":38},"end":{"line":30,"column":3}}]},"3":{"type":"branch","line":32,"loc":{"start":{"line":32,"column":37},"end":{"line":37,"column":3}},"locations":[{"start":{"line":32,"column":37},"end":{"line":37,"column":3}}]}},"b":{"0":[1],"1":[1],"2":[1],"3":[1]},"fnMap":{},"f":{}}
,"/home/mita/Documents/Entrevistas/testes/net-docs-challenge-marcelomita/src/spec/store/grid/slice.spec.ts": {"path":"/home/mita/Documents/Entrevistas/testes/net-docs-challenge-marcelomita/src/spec/store/grid/slice.spec.ts","all":false,"statementMap":{"0":{"start":{"line":1,"column":0},"end":{"line":1,"column":46}},"5":{"start":{"line":6,"column":0},"end":{"line":6,"column":35}},"6":{"start":{"line":7,"column":0},"end":{"line":7,"column":65}},"8":{"start":{"line":9,"column":0},"end":{"line":9,"column":30}},"9":{"start":{"line":10,"column":0},"end":{"line":10,"column":35}},"10":{"start":{"line":11,"column":0},"end":{"line":11,"column":14}},"11":{"start":{"line":12,"column":0},"end":{"line":12,"column":13}},"12":{"start":{"line":13,"column":0},"end":{"line":13,"column":14}},"13":{"start":{"line":14,"column":0},"end":{"line":14,"column":4}},"15":{"start":{"line":16,"column":0},"end":{"line":16,"column":43}},"16":{"start":{"line":17,"column":0},"end":{"line":17,"column":78}},"17":{"start":{"line":18,"column":0},"end":{"line":18,"column":5}},"19":{"start":{"line":20,"column":0},"end":{"line":20,"column":40}},"20":{"start":{"line":21,"column":0},"end":{"line":21,"column":31}},"21":{"start":{"line":22,"column":0},"end":{"line":22,"column":19}},"22":{"start":{"line":23,"column":0},"end":{"line":23,"column":41}},"23":{"start":{"line":24,"column":0},"end":{"line":24,"column":6}},"24":{"start":{"line":25,"column":0},"end":{"line":25,"column":33}},"25":{"start":{"line":26,"column":0},"end":{"line":26,"column":34}},"26":{"start":{"line":27,"column":0},"end":{"line":27,"column":53}},"27":{"start":{"line":28,"column":0},"end":{"line":28,"column":78}},"28":{"start":{"line":29,"column":0},"end":{"line":29,"column":5}},"30":{"start":{"line":31,"column":0},"end":{"line":31,"column":40}},"31":{"start":{"line":32,"column":0},"end":{"line":32,"column":30}},"32":{"start":{"line":33,"column":0},"end":{"line":33,"column":61}},"33":{"start":{"line":34,"column":0},"end":{"line":34,"column":15}},"34":{"start":{"line":35,"column":0},"end":{"line":35,"column":16}},"35":{"start":{"line":36,"column":0},"end":{"line":36,"column":6}},"36":{"start":{"line":37,"column":0},"end":{"line":37,"column":57}},"37":{"start":{"line":38,"column":0},"end":{"line":38,"column":60}},"38":{"start":{"line":39,"column":0},"end":{"line":39,"column":5}},"40":{"start":{"line":41,"column":0},"end":{"line":41,"column":38}},"41":{"start":{"line":42,"column":0},"end":{"line":42,"column":30}},"42":{"start":{"line":43,"column":0},"end":{"line":43,"column":14}},"43":{"start":{"line":44,"column":0},"end":{"line":44,"column":53}},"44":{"start":{"line":45,"column":0},"end":{"line":45,"column":53}},"45":{"start":{"line":46,"column":0},"end":{"line":46,"column":53}},"46":{"start":{"line":47,"column":0},"end":{"line":47,"column":52}},"47":{"start":{"line":48,"column":0},"end":{"line":48,"column":8}},"48":{"start":{"line":49,"column":0},"end":{"line":49,"column":15}},"49":{"start":{"line":50,"column":0},"end":{"line":50,"column":16}},"50":{"start":{"line":51,"column":0},"end":{"line":51,"column":6}},"51":{"start":{"line":52,"column":0},"end":{"line":52,"column":50}},"52":{"start":{"line":53,"column":0},"end":{"line":53,"column":60}},"53":{"start":{"line":54,"column":0},"end":{"line":54,"column":60}},"54":{"start":{"line":55,"column":0},"end":{"line":55,"column":60}},"55":{"start":{"line":56,"column":0},"end":{"line":56,"column":60}},"56":{"start":{"line":57,"column":0},"end":{"line":57,"column":5}},"57":{"start":{"line":58,"column":0},"end":{"line":58,"column":3}}},"s":{"0":1,"5":1,"6":1,"8":1,"9":1,"10":1,"11":1,"12":1,"13":1,"15":1,"16":1,"17":1,"19":1,"20":1,"21":1,"22":1,"23":1,"24":1,"25":1,"26":1,"27":1,"28":1,"30":1,"31":1,"32":1,"33":1,"34":1,"35":1,"36":1,"37":1,"38":1,"40":1,"41":1,"42":1,"43":1,"44":1,"45":1,"46":1,"47":1,"48":1,"49":1,"50":1,"51":1,"52":1,"53":1,"54":1,"55":1,"56":1,"57":1},"branchMap":{"0":{"type":"branch","line":9,"loc":{"start":{"line":9,"column":23},"end":{"line":58,"column":3}},"locations":[{"start":{"line":9,"column":23},"end":{"line":58,"column":3}}]},"1":{"type":"branch","line":16,"loc":{"start":{"line":16,"column":36},"end":{"line":18,"column":3}},"locations":[{"start":{"line":16,"column":36},"end":{"line":18,"column":3}}]},"2":{"type":"branch","line":20,"loc":{"start":{"line":20,"column":33},"end":{"line":29,"column":3}},"locations":[{"start":{"line":20,"column":33},"end":{"line":29,"column":3}}]},"3":{"type":"branch","line":31,"loc":{"start":{"line":31,"column":33},"end":{"line":39,"column":3}},"locations":[{"start":{"line":31,"column":33},"end":{"line":39,"column":3}}]},"4":{"type":"branch","line":41,"loc":{"start":{"line":41,"column":31},"end":{"line":57,"column":3}},"locations":[{"start":{"line":41,"column":31},"end":{"line":57,"column":3}}]}},"b":{"0":[1],"1":[1],"2":[1],"3":[1],"4":[1]},"fnMap":{},"f":{}}
,"/home/mita/Documents/Entrevistas/testes/net-docs-challenge-marcelomita/src/store/index.ts": {"path":"/home/mita/Documents/Entrevistas/testes/net-docs-challenge-marcelomita/src/store/index.ts","all":false,"statementMap":{"0":{"start":{"line":1,"column":0},"end":{"line":1,"column":50}},"1":{"start":{"line":2,"column":0},"end":{"line":2,"column":77}},"2":{"start":{"line":3,"column":0},"end":{"line":3,"column":40}},"4":{"start":{"line":5,"column":0},"end":{"line":5,"column":37}},"5":{"start":{"line":6,"column":0},"end":{"line":6,"column":23}},"6":{"start":{"line":7,"column":0},"end":{"line":7,"column":3}},"13":{"start":{"line":14,"column":0},"end":{"line":14,"column":63}},"14":{"start":{"line":15,"column":0},"end":{"line":15,"column":75}}},"s":{"0":1,"1":1,"2":1,"4":1,"5":1,"6":1,"13":1,"14":1},"branchMap":{"0":{"type":"branch","line":14,"loc":{"start":{"line":14,"column":30},"end":{"line":14,"column":63}},"locations":[{"start":{"line":14,"column":30},"end":{"line":14,"column":63}}]}},"b":{"0":[1]},"fnMap":{"0":{"name":"useAppDispatch","decl":{"start":{"line":14,"column":30},"end":{"line":14,"column":63}},"loc":{"start":{"line":14,"column":30},"end":{"line":14,"column":63}},"line":14}},"f":{"0":1}}
,"/home/mita/Documents/Entrevistas/testes/net-docs-challenge-marcelomita/src/store/rootReducer.ts": {"path":"/home/mita/Documents/Entrevistas/testes/net-docs-challenge-marcelomita/src/store/rootReducer.ts","all":false,"statementMap":{"0":{"start":{"line":1,"column":0},"end":{"line":1,"column":51}},"1":{"start":{"line":2,"column":0},"end":{"line":2,"column":39}},"2":{"start":{"line":3,"column":0},"end":{"line":3,"column":43}},"4":{"start":{"line":5,"column":0},"end":{"line":5,"column":37}},"5":{"start":{"line":6,"column":0},"end":{"line":6,"column":20}},"6":{"start":{"line":7,"column":0},"end":{"line":7,"column":24}},"7":{"start":{"line":8,"column":0},"end":{"line":8,"column":3}},"9":{"start":{"line":10,"column":0},"end":{"line":10,"column":27}}},"s":{"0":1,"1":1,"2":1,"4":1,"5":1,"6":1,"7":1,"9":1},"branchMap":{},"b":{},"fnMap":{},"f":{}}
,"/home/mita/Documents/Entrevistas/testes/net-docs-challenge-marcelomita/src/store/action/reducers.ts": {"path":"/home/mita/Documents/Entrevistas/testes/net-docs-challenge-marcelomita/src/store/action/reducers.ts","all":false,"statementMap":{"3":{"start":{"line":4,"column":0},"end":{"line":4,"column":56}},"4":{"start":{"line":5,"column":0},"end":{"line":5,"column":37}},"5":{"start":{"line":6,"column":0},"end":{"line":6,"column":2}},"7":{"start":{"line":8,"column":0},"end":{"line":8,"column":29}},"8":{"start":{"line":9,"column":0},"end":{"line":9,"column":21}},"9":{"start":{"line":10,"column":0},"end":{"line":10,"column":31}},"10":{"start":{"line":11,"column":0},"end":{"line":11,"column":6}},"11":{"start":{"line":12,"column":0},"end":{"line":12,"column":35}},"12":{"start":{"line":13,"column":0},"end":{"line":13,"column":2}}},"s":{"3":1,"4":1,"5":1,"7":1,"8":1,"9":1,"10":1,"11":1,"12":1},"branchMap":{"0":{"type":"branch","line":4,"loc":{"start":{"line":4,"column":31},"end":{"line":6,"column":2}},"locations":[{"start":{"line":4,"column":31},"end":{"line":6,"column":2}}]},"1":{"type":"branch","line":8,"loc":{"start":{"line":8,"column":28},"end":{"line":13,"column":2}},"locations":[{"start":{"line":8,"column":28},"end":{"line":13,"column":2}}]}},"b":{"0":[1],"1":[1]},"fnMap":{"0":{"name":"toggleIsRunning","decl":{"start":{"line":4,"column":31},"end":{"line":6,"column":2}},"loc":{"start":{"line":4,"column":31},"end":{"line":6,"column":2}},"line":4},"1":{"name":"setStepCount","decl":{"start":{"line":8,"column":28},"end":{"line":13,"column":2}},"loc":{"start":{"line":8,"column":28},"end":{"line":13,"column":2}},"line":8}},"f":{"0":1,"1":1}}
,"/home/mita/Documents/Entrevistas/testes/net-docs-challenge-marcelomita/src/store/action/selectors.ts": {"path":"/home/mita/Documents/Entrevistas/testes/net-docs-challenge-marcelomita/src/store/action/selectors.ts","all":false,"statementMap":{"2":{"start":{"line":3,"column":0},"end":{"line":3,"column":76}},"3":{"start":{"line":4,"column":0},"end":{"line":4,"column":76}}},"s":{"2":1,"3":1},"branchMap":{"0":{"type":"branch","line":3,"loc":{"start":{"line":3,"column":31},"end":{"line":3,"column":76}},"locations":[{"start":{"line":3,"column":31},"end":{"line":3,"column":76}}]},"1":{"type":"branch","line":4,"loc":{"start":{"line":4,"column":31},"end":{"line":4,"column":76}},"locations":[{"start":{"line":4,"column":31},"end":{"line":4,"column":76}}]}},"b":{"0":[1],"1":[1]},"fnMap":{"0":{"name":"selectIsRunning","decl":{"start":{"line":3,"column":31},"end":{"line":3,"column":76}},"loc":{"start":{"line":3,"column":31},"end":{"line":3,"column":76}},"line":3},"1":{"name":"selectStepCount","decl":{"start":{"line":4,"column":31},"end":{"line":4,"column":76}},"loc":{"start":{"line":4,"column":31},"end":{"line":4,"column":76}},"line":4}},"f":{"0":1,"1":1}}
,"/home/mita/Documents/Entrevistas/testes/net-docs-challenge-marcelomita/src/store/action/slice.ts": {"path":"/home/mita/Documents/Entrevistas/testes/net-docs-challenge-marcelomita/src/store/action/slice.ts","all":false,"statementMap":{"0":{"start":{"line":1,"column":0},"end":{"line":1,"column":47}},"1":{"start":{"line":2,"column":0},"end":{"line":2,"column":45}},"4":{"start":{"line":5,"column":0},"end":{"line":5,"column":35}},"5":{"start":{"line":6,"column":0},"end":{"line":6,"column":19}},"6":{"start":{"line":7,"column":0},"end":{"line":7,"column":16}},"7":{"start":{"line":8,"column":0},"end":{"line":8,"column":2}},"9":{"start":{"line":10,"column":0},"end":{"line":10,"column":33}},"10":{"start":{"line":11,"column":0},"end":{"line":11,"column":17}},"11":{"start":{"line":12,"column":0},"end":{"line":12,"column":15}},"12":{"start":{"line":13,"column":0},"end":{"line":13,"column":27}},"13":{"start":{"line":14,"column":0},"end":{"line":14,"column":3}},"15":{"start":{"line":16,"column":0},"end":{"line":16,"column":69}},"17":{"start":{"line":18,"column":0},"end":{"line":18,"column":35}}},"s":{"0":1,"1":1,"4":1,"5":1,"6":1,"7":1,"9":1,"10":1,"11":1,"12":1,"13":1,"15":1,"17":1},"branchMap":{},"b":{},"fnMap":{},"f":{}}
,"/home/mita/Documents/Entrevistas/testes/net-docs-challenge-marcelomita/src/store/action/types.ts": {"path":"/home/mita/Documents/Entrevistas/testes/net-docs-challenge-marcelomita/src/store/action/types.ts","all":true,"statementMap":{},"s":{},"branchMap":{"0":{"type":"branch","line":1,"loc":{"start":{"line":1,"column":75},"end":{"line":4,"column":1}},"locations":[{"start":{"line":1,"column":75},"end":{"line":4,"column":1}}]}},"b":{"0":[1]},"fnMap":{"0":{"name":"(empty-report)","decl":{"start":{"line":1,"column":75},"end":{"line":4,"column":1}},"loc":{"start":{"line":1,"column":75},"end":{"line":4,"column":1}},"line":1}},"f":{"0":1}}
,"/home/mita/Documents/Entrevistas/testes/net-docs-challenge-marcelomita/src/store/grid/initialStates.ts": {"path":"/home/mita/Documents/Entrevistas/testes/net-docs-challenge-marcelomita/src/store/grid/initialStates.ts","all":false,"statementMap":{"2":{"start":{"line":3,"column":0},"end":{"line":3,"column":44}},"3":{"start":{"line":4,"column":0},"end":{"line":4,"column":12}},"4":{"start":{"line":5,"column":0},"end":{"line":5,"column":11}},"5":{"start":{"line":6,"column":0},"end":{"line":6,"column":12}},"6":{"start":{"line":7,"column":0},"end":{"line":7,"column":2}}},"s":{"2":1,"3":1,"4":1,"5":1,"6":1},"branchMap":{},"b":{},"fnMap":{},"f":{}}
,"/home/mita/Documents/Entrevistas/testes/net-docs-challenge-marcelomita/src/store/grid/reducers.ts": {"path":"/home/mita/Documents/Entrevistas/testes/net-docs-challenge-marcelomita/src/store/grid/reducers.ts","all":false,"statementMap":{"0":{"start":{"line":1,"column":0},"end":{"line":1,"column":49}},"1":{"start":{"line":2,"column":0},"end":{"line":2,"column":53}},"3":{"start":{"line":4,"column":0},"end":{"line":4,"column":27}},"4":{"start":{"line":5,"column":0},"end":{"line":5,"column":19}},"5":{"start":{"line":6,"column":0},"end":{"line":6,"column":58}},"6":{"start":{"line":7,"column":0},"end":{"line":7,"column":6}},"7":{"start":{"line":8,"column":0},"end":{"line":8,"column":43}},"8":{"start":{"line":9,"column":0},"end":{"line":9,"column":22}},"9":{"start":{"line":10,"column":0},"end":{"line":10,"column":24}},"10":{"start":{"line":11,"column":0},"end":{"line":11,"column":19}},"12":{"start":{"line":13,"column":0},"end":{"line":13,"column":36}},"13":{"start":{"line":14,"column":0},"end":{"line":14,"column":37}},"14":{"start":{"line":15,"column":0},"end":{"line":15,"column":29}},"15":{"start":{"line":16,"column":0},"end":{"line":16,"column":25}},"16":{"start":{"line":17,"column":0},"end":{"line":17,"column":11}},"17":{"start":{"line":18,"column":0},"end":{"line":18,"column":30}},"18":{"start":{"line":19,"column":0},"end":{"line":19,"column":8}},"19":{"start":{"line":20,"column":0},"end":{"line":20,"column":5}},"20":{"start":{"line":21,"column":0},"end":{"line":21,"column":3}},"21":{"start":{"line":22,"column":0},"end":{"line":22,"column":2}},"23":{"start":{"line":24,"column":0},"end":{"line":24,"column":80}},"24":{"start":{"line":25,"column":0},"end":{"line":25,"column":28}},"25":{"start":{"line":26,"column":0},"end":{"line":26,"column":24}},"26":{"start":{"line":27,"column":0},"end":{"line":27,"column":27}},"27":{"start":{"line":28,"column":0},"end":{"line":28,"column":47}},"28":{"start":{"line":29,"column":0},"end":{"line":29,"column":24}},"29":{"start":{"line":30,"column":0},"end":{"line":30,"column":26}},"30":{"start":{"line":31,"column":0},"end":{"line":31,"column":3}},"31":{"start":{"line":32,"column":0},"end":{"line":32,"column":2}},"33":{"start":{"line":34,"column":0},"end":{"line":34,"column":47}},"34":{"start":{"line":35,"column":0},"end":{"line":35,"column":46}},"36":{"start":{"line":37,"column":0},"end":{"line":37,"column":42}},"37":{"start":{"line":38,"column":0},"end":{"line":38,"column":43}},"38":{"start":{"line":39,"column":0},"end":{"line":39,"column":29}},"39":{"start":{"line":40,"column":0},"end":{"line":40,"column":35}},"40":{"start":{"line":41,"column":0},"end":{"line":41,"column":62}},"42":{"start":{"line":43,"column":0},"end":{"line":43,"column":30}},"43":{"start":{"line":44,"column":0},"end":{"line":44,"column":43}},"44":{"start":{"line":45,"column":0},"end":{"line":45,"column":18}},"45":{"start":{"line":46,"column":0},"end":{"line":46,"column":54}},"46":{"start":{"line":47,"column":0},"end":{"line":47,"column":29}},"47":{"start":{"line":48,"column":0},"end":{"line":48,"column":29}},"48":{"start":{"line":49,"column":0},"end":{"line":49,"column":14}},"49":{"start":{"line":50,"column":0},"end":{"line":50,"column":75}},"50":{"start":{"line":51,"column":0},"end":{"line":51,"column":7}},"52":{"start":{"line":53,"column":0},"end":{"line":53,"column":50}},"53":{"start":{"line":54,"column":0},"end":{"line":54,"column":5}},"54":{"start":{"line":55,"column":0},"end":{"line":55,"column":3}},"56":{"start":{"line":57,"column":0},"end":{"line":57,"column":25}},"57":{"start":{"line":58,"column":0},"end":{"line":58,"column":2}},"59":{"start":{"line":60,"column":0},"end":{"line":60,"column":78}},"60":{"start":{"line":61,"column":0},"end":{"line":61,"column":16}},"61":{"start":{"line":62,"column":0},"end":{"line":62,"column":36}},"62":{"start":{"line":63,"column":0},"end":{"line":63,"column":38}},"63":{"start":{"line":64,"column":0},"end":{"line":64,"column":41}},"64":{"start":{"line":65,"column":0},"end":{"line":65,"column":24}},"65":{"start":{"line":66,"column":0},"end":{"line":66,"column":24}},"66":{"start":{"line":67,"column":0},"end":{"line":67,"column":31}},"67":{"start":{"line":68,"column":0},"end":{"line":68,"column":10}},"68":{"start":{"line":69,"column":0},"end":{"line":69,"column":18}},"69":{"start":{"line":70,"column":0},"end":{"line":70,"column":27}},"70":{"start":{"line":71,"column":0},"end":{"line":71,"column":18}},"71":{"start":{"line":72,"column":0},"end":{"line":72,"column":28}},"72":{"start":{"line":73,"column":0},"end":{"line":73,"column":50}},"73":{"start":{"line":74,"column":0},"end":{"line":74,"column":9}},"74":{"start":{"line":75,"column":0},"end":{"line":75,"column":16}},"75":{"start":{"line":76,"column":0},"end":{"line":76,"column":7}},"76":{"start":{"line":77,"column":0},"end":{"line":77,"column":5}},"77":{"start":{"line":78,"column":0},"end":{"line":78,"column":3}},"78":{"start":{"line":79,"column":0},"end":{"line":79,"column":15}},"79":{"start":{"line":80,"column":0},"end":{"line":80,"column":1}}},"s":{"0":1,"1":1,"3":1,"4":1,"5":1,"6":1,"7":1,"8":1,"9":1,"10":1,"12":1,"13":3,"14":9,"15":9,"16":9,"17":9,"18":9,"19":9,"20":3,"21":1,"23":1,"24":1,"25":1,"26":1,"27":1,"28":0,"29":1,"30":1,"31":1,"33":1,"34":1,"36":1,"37":2,"38":4,"39":4,"40":4,"42":4,"43":4,"44":3,"45":3,"46":3,"47":0,"48":4,"49":1,"50":1,"52":4,"53":4,"54":2,"56":1,"57":1,"59":4,"60":4,"61":4,"62":12,"63":36,"64":32,"65":32,"66":32,"67":32,"68":32,"69":26,"70":20,"71":16,"72":12,"73":36,"74":9,"75":9,"76":36,"77":12,"78":4,"79":4},"branchMap":{"0":{"type":"branch","line":4,"loc":{"start":{"line":4,"column":26},"end":{"line":22,"column":2}},"locations":[{"start":{"line":4,"column":26},"end":{"line":22,"column":2}}]},"1":{"type":"branch","line":13,"loc":{"start":{"line":13,"column":35},"end":{"line":21,"column":3}},"locations":[{"start":{"line":13,"column":35},"end":{"line":21,"column":3}}]},"2":{"type":"branch","line":14,"loc":{"start":{"line":14,"column":36},"end":{"line":20,"column":5}},"locations":[{"start":{"line":14,"column":36},"end":{"line":20,"column":5}}]},"3":{"type":"branch","line":24,"loc":{"start":{"line":24,"column":26},"end":{"line":32,"column":2}},"locations":[{"start":{"line":24,"column":26},"end":{"line":32,"column":2}}]},"4":{"type":"branch","line":28,"loc":{"start":{"line":28,"column":42},"end":{"line":29,"column":24}},"locations":[{"start":{"line":28,"column":42},"end":{"line":29,"column":24}}]},"5":{"type":"branch","line":34,"loc":{"start":{"line":34,"column":24},"end":{"line":58,"column":2}},"locations":[{"start":{"line":34,"column":24},"end":{"line":58,"column":2}}]},"6":{"type":"branch","line":37,"loc":{"start":{"line":37,"column":41},"end":{"line":55,"column":3}},"locations":[{"start":{"line":37,"column":41},"end":{"line":55,"column":3}}]},"7":{"type":"branch","line":38,"loc":{"start":{"line":38,"column":42},"end":{"line":54,"column":5}},"locations":[{"start":{"line":38,"column":42},"end":{"line":54,"column":5}}]},"8":{"type":"branch","line":44,"loc":{"start":{"line":44,"column":42},"end":{"line":49,"column":13}},"locations":[{"start":{"line":44,"column":42},"end":{"line":49,"column":13}}]},"9":{"type":"branch","line":46,"loc":{"start":{"line":46,"column":29},"end":{"line":46,"column":54}},"locations":[{"start":{"line":46,"column":29},"end":{"line":46,"column":54}}]},"10":{"type":"branch","line":47,"loc":{"start":{"line":47,"column":24},"end":{"line":48,"column":29}},"locations":[{"start":{"line":47,"column":24},"end":{"line":48,"column":29}}]},"11":{"type":"branch","line":49,"loc":{"start":{"line":49,"column":6},"end":{"line":51,"column":7}},"locations":[{"start":{"line":49,"column":6},"end":{"line":51,"column":7}}]},"12":{"type":"branch","line":50,"loc":{"start":{"line":50,"column":52},"end":{"line":50,"column":75}},"locations":[{"start":{"line":50,"column":52},"end":{"line":50,"column":75}}]},"13":{"type":"branch","line":60,"loc":{"start":{"line":60,"column":0},"end":{"line":80,"column":1}},"locations":[{"start":{"line":60,"column":0},"end":{"line":80,"column":1}}]},"14":{"type":"branch","line":62,"loc":{"start":{"line":62,"column":35},"end":{"line":78,"column":3}},"locations":[{"start":{"line":62,"column":35},"end":{"line":78,"column":3}}]},"15":{"type":"branch","line":63,"loc":{"start":{"line":63,"column":37},"end":{"line":77,"column":5}},"locations":[{"start":{"line":63,"column":37},"end":{"line":77,"column":5}}]},"16":{"type":"branch","line":64,"loc":{"start":{"line":64,"column":17},"end":{"line":64,"column":32}},"locations":[{"start":{"line":64,"column":17},"end":{"line":64,"column":32}}]},"17":{"type":"branch","line":64,"loc":{"start":{"line":64,"column":32},"end":{"line":64,"column":41}},"locations":[{"start":{"line":64,"column":32},"end":{"line":64,"column":41}}]},"18":{"type":"branch","line":64,"loc":{"start":{"line":64,"column":32},"end":{"line":69,"column":18}},"locations":[{"start":{"line":64,"column":32},"end":{"line":69,"column":18}}]},"19":{"type":"branch","line":69,"loc":{"start":{"line":69,"column":14},"end":{"line":70,"column":27}},"locations":[{"start":{"line":69,"column":14},"end":{"line":70,"column":27}}]},"20":{"type":"branch","line":70,"loc":{"start":{"line":70,"column":19},"end":{"line":71,"column":18}},"locations":[{"start":{"line":70,"column":19},"end":{"line":71,"column":18}}]},"21":{"type":"branch","line":71,"loc":{"start":{"line":71,"column":14},"end":{"line":72,"column":28}},"locations":[{"start":{"line":71,"column":14},"end":{"line":72,"column":28}}]},"22":{"type":"branch","line":72,"loc":{"start":{"line":72,"column":19},"end":{"line":73,"column":50}},"locations":[{"start":{"line":72,"column":19},"end":{"line":73,"column":50}}]},"23":{"type":"branch","line":74,"loc":{"start":{"line":74,"column":8},"end":{"line":76,"column":7}},"locations":[{"start":{"line":74,"column":8},"end":{"line":76,"column":7}}]}},"b":{"0":[1],"1":[3],"2":[9],"3":[1],"4":[0],"5":[1],"6":[2],"7":[4],"8":[3],"9":[0],"10":[0],"11":[1],"12":[0],"13":[4],"14":[12],"15":[36],"16":[12],"17":[4],"18":[32],"19":[26],"20":[20],"21":[16],"22":[12],"23":[9]},"fnMap":{"0":{"name":"createGrid","decl":{"start":{"line":4,"column":26},"end":{"line":22,"column":2}},"loc":{"start":{"line":4,"column":26},"end":{"line":22,"column":2}},"line":4},"1":{"name":"toggleCell","decl":{"start":{"line":24,"column":26},"end":{"line":32,"column":2}},"loc":{"start":{"line":24,"column":26},"end":{"line":32,"column":2}},"line":24},"2":{"name":"nextStep","decl":{"start":{"line":34,"column":24},"end":{"line":58,"column":2}},"loc":{"start":{"line":34,"column":24},"end":{"line":58,"column":2}},"line":34},"3":{"name":"countAliveNeighbors","decl":{"start":{"line":60,"column":0},"end":{"line":80,"column":1}},"loc":{"start":{"line":60,"column":0},"end":{"line":80,"column":1}},"line":60}},"f":{"0":1,"1":1,"2":1,"3":4}}
,"/home/mita/Documents/Entrevistas/testes/net-docs-challenge-marcelomita/src/store/grid/selectors.ts": {"path":"/home/mita/Documents/Entrevistas/testes/net-docs-challenge-marcelomita/src/store/grid/selectors.ts","all":false,"statementMap":{"0":{"start":{"line":1,"column":0},"end":{"line":1,"column":37}},"2":{"start":{"line":3,"column":0},"end":{"line":3,"column":50}},"4":{"start":{"line":5,"column":0},"end":{"line":5,"column":66}},"5":{"start":{"line":6,"column":0},"end":{"line":6,"column":51}},"6":{"start":{"line":7,"column":0},"end":{"line":7,"column":35}},"7":{"start":{"line":8,"column":0},"end":{"line":8,"column":14}},"8":{"start":{"line":9,"column":0},"end":{"line":9,"column":22}},"9":{"start":{"line":10,"column":0},"end":{"line":10,"column":24}},"10":{"start":{"line":11,"column":0},"end":{"line":11,"column":4}},"11":{"start":{"line":12,"column":0},"end":{"line":12,"column":2}},"13":{"start":{"line":14,"column":0},"end":{"line":14,"column":50}},"14":{"start":{"line":15,"column":0},"end":{"line":15,"column":14}},"15":{"start":{"line":16,"column":0},"end":{"line":16,"column":23}},"16":{"start":{"line":17,"column":0},"end":{"line":17,"column":33}},"17":{"start":{"line":18,"column":0},"end":{"line":18,"column":33}},"19":{"start":{"line":20,"column":0},"end":{"line":20,"column":38}},"20":{"start":{"line":21,"column":0},"end":{"line":21,"column":39}},"21":{"start":{"line":22,"column":0},"end":{"line":22,"column":31}},"22":{"start":{"line":23,"column":0},"end":{"line":23,"column":34}},"23":{"start":{"line":24,"column":0},"end":{"line":24,"column":7}},"24":{"start":{"line":25,"column":0},"end":{"line":25,"column":5}},"26":{"start":{"line":27,"column":0},"end":{"line":27,"column":21}},"27":{"start":{"line":28,"column":0},"end":{"line":28,"column":3}},"28":{"start":{"line":29,"column":0},"end":{"line":29,"column":2}}},"s":{"0":1,"2":1,"4":1,"5":1,"6":1,"7":1,"8":2,"9":2,"10":2,"11":1,"13":1,"14":1,"15":1,"16":1,"17":1,"19":1,"20":2,"21":4,"22":4,"23":4,"24":2,"26":1,"27":1,"28":1},"branchMap":{"0":{"type":"branch","line":5,"loc":{"start":{"line":5,"column":27},"end":{"line":5,"column":66}},"locations":[{"start":{"line":5,"column":27},"end":{"line":5,"column":66}}]},"1":{"type":"branch","line":7,"loc":{"start":{"line":7,"column":2},"end":{"line":7,"column":35}},"locations":[{"start":{"line":7,"column":2},"end":{"line":7,"column":35}}]},"2":{"type":"branch","line":8,"loc":{"start":{"line":8,"column":2},"end":{"line":11,"column":4}},"locations":[{"start":{"line":8,"column":2},"end":{"line":11,"column":4}}]},"3":{"type":"branch","line":17,"loc":{"start":{"line":17,"column":2},"end":{"line":28,"column":3}},"locations":[{"start":{"line":17,"column":2},"end":{"line":28,"column":3}}]},"4":{"type":"branch","line":20,"loc":{"start":{"line":20,"column":37},"end":{"line":25,"column":5}},"locations":[{"start":{"line":20,"column":37},"end":{"line":25,"column":5}}]},"5":{"type":"branch","line":21,"loc":{"start":{"line":21,"column":38},"end":{"line":24,"column":7}},"locations":[{"start":{"line":21,"column":38},"end":{"line":24,"column":7}}]}},"b":{"0":[3],"1":[4],"2":[2],"3":[1],"4":[2],"5":[4]},"fnMap":{"0":{"name":"selectCells","decl":{"start":{"line":5,"column":27},"end":{"line":5,"column":66}},"loc":{"start":{"line":5,"column":27},"end":{"line":5,"column":66}},"line":5},"1":{"name":"__vite_ssr_import_0__.createSelector.width","decl":{"start":{"line":7,"column":2},"end":{"line":7,"column":35}},"loc":{"start":{"line":7,"column":2},"end":{"line":7,"column":35}},"line":7}},"f":{"0":3,"1":4}}
,"/home/mita/Documents/Entrevistas/testes/net-docs-challenge-marcelomita/src/store/grid/slice.ts": {"path":"/home/mita/Documents/Entrevistas/testes/net-docs-challenge-marcelomita/src/store/grid/slice.ts","all":false,"statementMap":{"0":{"start":{"line":1,"column":0},"end":{"line":1,"column":47}},"1":{"start":{"line":2,"column":0},"end":{"line":2,"column":51}},"2":{"start":{"line":3,"column":0},"end":{"line":3,"column":39}},"4":{"start":{"line":5,"column":0},"end":{"line":5,"column":31}},"5":{"start":{"line":6,"column":0},"end":{"line":6,"column":15}},"6":{"start":{"line":7,"column":0},"end":{"line":7,"column":33}},"7":{"start":{"line":8,"column":0},"end":{"line":8,"column":21}},"8":{"start":{"line":9,"column":0},"end":{"line":9,"column":3}},"10":{"start":{"line":11,"column":0},"end":{"line":11,"column":70}},"11":{"start":{"line":12,"column":0},"end":{"line":12,"column":33}}},"s":{"0":1,"1":1,"2":1,"4":1,"5":1,"6":1,"7":1,"8":1,"10":1,"11":1},"branchMap":{},"b":{},"fnMap":{},"f":{}}
,"/home/mita/Documents/Entrevistas/testes/net-docs-challenge-marcelomita/src/store/grid/types.ts": {"path":"/home/mita/Documents/Entrevistas/testes/net-docs-challenge-marcelomita/src/store/grid/types.ts","all":false,"statementMap":{"0":{"start":{"line":1,"column":0},"end":{"line":1,"column":23}},"1":{"start":{"line":2,"column":0},"end":{"line":2,"column":18}},"2":{"start":{"line":3,"column":0},"end":{"line":3,"column":16}}},"s":{"0":1,"1":1,"2":1},"branchMap":{"0":{"type":"branch","line":1,"loc":{"start":{"line":1,"column":7},"end":{"line":1,"column":23}},"locations":[{"start":{"line":1,"column":7},"end":{"line":1,"column":23}}]}},"b":{"0":[7]},"fnMap":{},"f":{}}
,"/home/mita/Documents/Entrevistas/testes/net-docs-challenge-marcelomita/src/test/testUtils.tsx": {"path":"/home/mita/Documents/Entrevistas/testes/net-docs-challenge-marcelomita/src/test/testUtils.tsx","all":false,"statementMap":{"0":{"start":{"line":1,"column":0},"end":{"line":1,"column":49}},"1":{"start":{"line":2,"column":0},"end":{"line":2,"column":39}},"2":{"start":{"line":3,"column":0},"end":{"line":3,"column":63}},"3":{"start":{"line":4,"column":0},"end":{"line":4,"column":50}},"5":{"start":{"line":6,"column":0},"end":{"line":6,"column":47}},"14":{"start":{"line":15,"column":0},"end":{"line":15,"column":36}},"15":{"start":{"line":16,"column":0},"end":{"line":16,"column":25}},"16":{"start":{"line":17,"column":0},"end":{"line":17,"column":3}},"17":{"start":{"line":18,"column":0},"end":{"line":18,"column":24}},"19":{"start":{"line":20,"column":0},"end":{"line":20,"column":69}},"20":{"start":{"line":21,"column":0},"end":{"line":21,"column":20}},"21":{"start":{"line":22,"column":0},"end":{"line":22,"column":31}},"22":{"start":{"line":23,"column":0},"end":{"line":23,"column":3}},"23":{"start":{"line":24,"column":0},"end":{"line":24,"column":70}},"24":{"start":{"line":25,"column":0},"end":{"line":25,"column":57}},"25":{"start":{"line":26,"column":0},"end":{"line":26,"column":3}},"28":{"start":{"line":29,"column":0},"end":{"line":29,"column":74}},"29":{"start":{"line":30,"column":0},"end":{"line":30,"column":1}}},"s":{"0":1,"1":1,"2":1,"3":1,"5":1,"14":1,"15":8,"16":8,"17":8,"19":8,"20":8,"21":8,"22":8,"23":8,"24":8,"25":8,"28":8,"29":8},"branchMap":{"0":{"type":"branch","line":15,"loc":{"start":{"line":15,"column":7},"end":{"line":30,"column":1}},"locations":[{"start":{"line":15,"column":7},"end":{"line":30,"column":1}}]},"1":{"type":"branch","line":24,"loc":{"start":{"line":24,"column":2},"end":{"line":26,"column":3}},"locations":[{"start":{"line":24,"column":2},"end":{"line":26,"column":3}}]}},"b":{"0":[8],"1":[8]},"fnMap":{"0":{"name":"renderWithProviders","decl":{"start":{"line":15,"column":7},"end":{"line":30,"column":1}},"loc":{"start":{"line":15,"column":7},"end":{"line":30,"column":1}},"line":15},"1":{"name":"Wrapper","decl":{"start":{"line":24,"column":2},"end":{"line":26,"column":3}},"loc":{"start":{"line":24,"column":2},"end":{"line":26,"column":3}},"line":24}},"f":{"0":8,"1":8}}
}
